2024-12-25T17:36:23.472988-0400 INFO Chamando função 'pipeline_calculate_kpi_of_total_sales_consolidated' com args ('data', 'parquet and csv') e kwargs {} utils_log.py
2024-12-25T17:36:23.472988-0400 INFO Chamando função 'extract_and_consolidate_data' com args ('data',) e kwargs {} utils_log.py
2024-12-25T17:36:23.485165-0400 INFO Função 'extract_and_consolidate_data' retornou             Produto    Categoria  Quantidade  Venda        Data
0    Notebook Gamer  Eletrônicos           3   1500  2023-01-15
1     Mouse Sem Fio  Eletrônicos          10     30  2023-01-15
2  Teclado Mecânico  Eletrônicos           5    100  2023-01-15
3    Notebook Gamer  Eletrônicos           7   1500  2023-01-16
4     Mouse Sem Fio  Eletrônicos          10     30  2023-01-16
5  Teclado Mecânico  Eletrônicos           3    100  2023-01-16
6    Notebook Gamer  Eletrônicos           2   1500  2023-01-17
7     Mouse Sem Fio  Eletrônicos          14     30  2023-01-17
8  Teclado Mecânico  Eletrônicos           2    100  2023-01-17 utils_log.py
2024-12-25T17:36:23.485165-0400 INFO Função 'extract_and_consolidate_data' executada em 0.0122 segundos time_decorator.py
2024-12-25T17:36:23.487435-0400 INFO Chamando função 'calculate_kpi_of_total_sales' com args (            Produto    Categoria  Quantidade  Venda        Data
0    Notebook Gamer  Eletrônicos           3   1500  2023-01-15
1     Mouse Sem Fio  Eletrônicos          10     30  2023-01-15
2  Teclado Mecânico  Eletrônicos           5    100  2023-01-15
3    Notebook Gamer  Eletrônicos           7   1500  2023-01-16
4     Mouse Sem Fio  Eletrônicos          10     30  2023-01-16
5  Teclado Mecânico  Eletrônicos           3    100  2023-01-16
6    Notebook Gamer  Eletrônicos           2   1500  2023-01-17
7     Mouse Sem Fio  Eletrônicos          14     30  2023-01-17
8  Teclado Mecânico  Eletrônicos           2    100  2023-01-17,) e kwargs {} utils_log.py
2024-12-25T17:36:23.493774-0400 INFO Função 'calculate_kpi_of_total_sales' retornou             Produto    Categoria  Quantidade  Venda        Data  Total
0    Notebook Gamer  Eletrônicos           3   1500  2023-01-15   4500
1     Mouse Sem Fio  Eletrônicos          10     30  2023-01-15    300
2  Teclado Mecânico  Eletrônicos           5    100  2023-01-15    500
3    Notebook Gamer  Eletrônicos           7   1500  2023-01-16  10500
4     Mouse Sem Fio  Eletrônicos          10     30  2023-01-16    300
5  Teclado Mecânico  Eletrônicos           3    100  2023-01-16    300
6    Notebook Gamer  Eletrônicos           2   1500  2023-01-17   3000
7     Mouse Sem Fio  Eletrônicos          14     30  2023-01-17    420
8  Teclado Mecânico  Eletrônicos           2    100  2023-01-17    200 utils_log.py
2024-12-25T17:36:23.493774-0400 INFO Função 'calculate_kpi_of_total_sales' executada em 0.0073 segundos time_decorator.py
2024-12-25T17:36:23.495778-0400 INFO Chamando função 'load_data' com args (            Produto    Categoria  Quantidade  Venda        Data  Total
0    Notebook Gamer  Eletrônicos           3   1500  2023-01-15   4500
1     Mouse Sem Fio  Eletrônicos          10     30  2023-01-15    300
2  Teclado Mecânico  Eletrônicos           5    100  2023-01-15    500
3    Notebook Gamer  Eletrônicos           7   1500  2023-01-16  10500
4     Mouse Sem Fio  Eletrônicos          10     30  2023-01-16    300
5  Teclado Mecânico  Eletrônicos           3    100  2023-01-16    300
6    Notebook Gamer  Eletrônicos           2   1500  2023-01-17   3000
7     Mouse Sem Fio  Eletrônicos          14     30  2023-01-17    420
8  Teclado Mecânico  Eletrônicos           2    100  2023-01-17    200, 'parquet and csv') e kwargs {} utils_log.py
2024-12-25T17:36:24.689390-0400 INFO Função 'load_data' retornou None utils_log.py
2024-12-25T17:36:24.689390-0400 INFO Função 'load_data' executada em 1.1956 segundos time_decorator.py
2024-12-25T17:36:24.689390-0400 INFO Função 'pipeline_calculate_kpi_of_total_sales_consolidated' retornou None utils_log.py
2024-12-25T17:36:24.689390-0400 INFO Função 'pipeline_calculate_kpi_of_total_sales_consolidated' executada em 1.2164 segundos time_decorator.py
2024-12-25T17:45:51.110835-0400 INFO Chamando função 'pipeline_calculate_kpi_of_total_sales_consolidated' com args ('data', 'parquet and csv') e kwargs {} utils_log.py
2024-12-25T17:45:51.110835-0400 INFO Chamando função 'extract_and_consolidate_data' com args ('data',) e kwargs {} utils_log.py
2024-12-25T17:45:51.124493-0400 INFO Função 'extract_and_consolidate_data' retornou             Produto    Categoria  Quantidade  Venda        Data
0    Notebook Gamer  Eletrônicos           3   1500  2023-01-15
1     Mouse Sem Fio  Eletrônicos          10     30  2023-01-15
2  Teclado Mecânico  Eletrônicos           5    100  2023-01-15
3    Notebook Gamer  Eletrônicos           7   1500  2023-01-16
4     Mouse Sem Fio  Eletrônicos          10     30  2023-01-16
5  Teclado Mecânico  Eletrônicos           3    100  2023-01-16
6    Notebook Gamer  Eletrônicos           2   1500  2023-01-17
7     Mouse Sem Fio  Eletrônicos          14     30  2023-01-17
8  Teclado Mecânico  Eletrônicos           2    100  2023-01-17 utils_log.py
2024-12-25T17:45:51.124493-0400 INFO Função 'extract_and_consolidate_data' executada em 0.0137 segundos time_decorator.py
2024-12-25T17:45:51.128242-0400 INFO Chamando função 'calculate_kpi_of_total_sales' com args (            Produto    Categoria  Quantidade  Venda        Data
0    Notebook Gamer  Eletrônicos           3   1500  2023-01-15
1     Mouse Sem Fio  Eletrônicos          10     30  2023-01-15
2  Teclado Mecânico  Eletrônicos           5    100  2023-01-15
3    Notebook Gamer  Eletrônicos           7   1500  2023-01-16
4     Mouse Sem Fio  Eletrônicos          10     30  2023-01-16
5  Teclado Mecânico  Eletrônicos           3    100  2023-01-16
6    Notebook Gamer  Eletrônicos           2   1500  2023-01-17
7     Mouse Sem Fio  Eletrônicos          14     30  2023-01-17
8  Teclado Mecânico  Eletrônicos           2    100  2023-01-17,) e kwargs {} utils_log.py
2024-12-25T17:45:51.133422-0400 INFO Função 'calculate_kpi_of_total_sales' retornou             Produto    Categoria  Quantidade  Venda        Data  Total
0    Notebook Gamer  Eletrônicos           3   1500  2023-01-15   4500
1     Mouse Sem Fio  Eletrônicos          10     30  2023-01-15    300
2  Teclado Mecânico  Eletrônicos           5    100  2023-01-15    500
3    Notebook Gamer  Eletrônicos           7   1500  2023-01-16  10500
4     Mouse Sem Fio  Eletrônicos          10     30  2023-01-16    300
5  Teclado Mecânico  Eletrônicos           3    100  2023-01-16    300
6    Notebook Gamer  Eletrônicos           2   1500  2023-01-17   3000
7     Mouse Sem Fio  Eletrônicos          14     30  2023-01-17    420
8  Teclado Mecânico  Eletrônicos           2    100  2023-01-17    200 utils_log.py
2024-12-25T17:45:51.133422-0400 INFO Função 'calculate_kpi_of_total_sales' executada em 0.0079 segundos time_decorator.py
2024-12-25T17:45:51.136827-0400 INFO Chamando função 'load_data' com args (            Produto    Categoria  Quantidade  Venda        Data  Total
0    Notebook Gamer  Eletrônicos           3   1500  2023-01-15   4500
1     Mouse Sem Fio  Eletrônicos          10     30  2023-01-15    300
2  Teclado Mecânico  Eletrônicos           5    100  2023-01-15    500
3    Notebook Gamer  Eletrônicos           7   1500  2023-01-16  10500
4     Mouse Sem Fio  Eletrônicos          10     30  2023-01-16    300
5  Teclado Mecânico  Eletrônicos           3    100  2023-01-16    300
6    Notebook Gamer  Eletrônicos           2   1500  2023-01-17   3000
7     Mouse Sem Fio  Eletrônicos          14     30  2023-01-17    420
8  Teclado Mecânico  Eletrônicos           2    100  2023-01-17    200, 'parquet and csv') e kwargs {} utils_log.py
2024-12-25T17:45:51.190822-0400 INFO Função 'load_data' retornou None utils_log.py
2024-12-25T17:45:51.190822-0400 INFO Função 'load_data' executada em 0.0574 segundos time_decorator.py
2024-12-25T17:45:51.192117-0400 INFO Função 'pipeline_calculate_kpi_of_total_sales_consolidated' retornou None utils_log.py
2024-12-25T17:45:51.192117-0400 INFO Função 'pipeline_calculate_kpi_of_total_sales_consolidated' executada em 0.0813 segundos time_decorator.py
2024-12-25T17:46:03.927597-0400 INFO Chamando função 'pipeline_calculate_kpi_of_total_sales_consolidated' com args ('data', 'parquet and csv') e kwargs {} utils_log.py
2024-12-25T17:46:03.927597-0400 INFO Chamando função 'extract_and_consolidate_data' com args ('data',) e kwargs {} utils_log.py
2024-12-25T17:46:03.946449-0400 INFO Função 'extract_and_consolidate_data' retornou             Produto    Categoria  Quantidade  Venda        Data
0    Notebook Gamer  Eletrônicos           3   1500  2023-01-15
1     Mouse Sem Fio  Eletrônicos          10     30  2023-01-15
2  Teclado Mecânico  Eletrônicos           5    100  2023-01-15
3    Notebook Gamer  Eletrônicos           7   1500  2023-01-16
4     Mouse Sem Fio  Eletrônicos          10     30  2023-01-16
5  Teclado Mecânico  Eletrônicos           3    100  2023-01-16
6    Notebook Gamer  Eletrônicos           2   1500  2023-01-17
7     Mouse Sem Fio  Eletrônicos          14     30  2023-01-17
8  Teclado Mecânico  Eletrônicos           2    100  2023-01-17 utils_log.py
2024-12-25T17:46:03.946449-0400 INFO Função 'extract_and_consolidate_data' executada em 0.0189 segundos time_decorator.py
2024-12-25T17:46:03.949189-0400 INFO Chamando função 'calculate_kpi_of_total_sales' com args (            Produto    Categoria  Quantidade  Venda        Data
0    Notebook Gamer  Eletrônicos           3   1500  2023-01-15
1     Mouse Sem Fio  Eletrônicos          10     30  2023-01-15
2  Teclado Mecânico  Eletrônicos           5    100  2023-01-15
3    Notebook Gamer  Eletrônicos           7   1500  2023-01-16
4     Mouse Sem Fio  Eletrônicos          10     30  2023-01-16
5  Teclado Mecânico  Eletrônicos           3    100  2023-01-16
6    Notebook Gamer  Eletrônicos           2   1500  2023-01-17
7     Mouse Sem Fio  Eletrônicos          14     30  2023-01-17
8  Teclado Mecânico  Eletrônicos           2    100  2023-01-17,) e kwargs {} utils_log.py
2024-12-25T17:46:03.952746-0400 INFO Função 'calculate_kpi_of_total_sales' retornou             Produto    Categoria  Quantidade  Venda        Data  Total
0    Notebook Gamer  Eletrônicos           3   1500  2023-01-15   4500
1     Mouse Sem Fio  Eletrônicos          10     30  2023-01-15    300
2  Teclado Mecânico  Eletrônicos           5    100  2023-01-15    500
3    Notebook Gamer  Eletrônicos           7   1500  2023-01-16  10500
4     Mouse Sem Fio  Eletrônicos          10     30  2023-01-16    300
5  Teclado Mecânico  Eletrônicos           3    100  2023-01-16    300
6    Notebook Gamer  Eletrônicos           2   1500  2023-01-17   3000
7     Mouse Sem Fio  Eletrônicos          14     30  2023-01-17    420
8  Teclado Mecânico  Eletrônicos           2    100  2023-01-17    200 utils_log.py
2024-12-25T17:46:03.953751-0400 INFO Função 'calculate_kpi_of_total_sales' executada em 0.0073 segundos time_decorator.py
2024-12-25T17:46:03.957203-0400 INFO Chamando função 'load_data' com args (            Produto    Categoria  Quantidade  Venda        Data  Total
0    Notebook Gamer  Eletrônicos           3   1500  2023-01-15   4500
1     Mouse Sem Fio  Eletrônicos          10     30  2023-01-15    300
2  Teclado Mecânico  Eletrônicos           5    100  2023-01-15    500
3    Notebook Gamer  Eletrônicos           7   1500  2023-01-16  10500
4     Mouse Sem Fio  Eletrônicos          10     30  2023-01-16    300
5  Teclado Mecânico  Eletrônicos           3    100  2023-01-16    300
6    Notebook Gamer  Eletrônicos           2   1500  2023-01-17   3000
7     Mouse Sem Fio  Eletrônicos          14     30  2023-01-17    420
8  Teclado Mecânico  Eletrônicos           2    100  2023-01-17    200, 'parquet and csv') e kwargs {} utils_log.py
2024-12-25T17:46:04.007116-0400 INFO Função 'load_data' retornou None utils_log.py
2024-12-25T17:46:04.008119-0400 INFO Função 'load_data' executada em 0.0544 segundos time_decorator.py
2024-12-25T17:46:04.008119-0400 INFO Função 'pipeline_calculate_kpi_of_total_sales_consolidated' retornou None utils_log.py
2024-12-25T17:46:04.008119-0400 INFO Função 'pipeline_calculate_kpi_of_total_sales_consolidated' executada em 0.0805 segundos time_decorator.py
2024-12-25T17:46:10.282989-0400 INFO Chamando função 'pipeline_calculate_kpi_of_total_sales_consolidated' com args ('data', 'parquet and csv') e kwargs {} utils_log.py
2024-12-25T17:46:10.282989-0400 INFO Chamando função 'extract_and_consolidate_data' com args ('data',) e kwargs {} utils_log.py
2024-12-25T17:46:10.294349-0400 INFO Função 'extract_and_consolidate_data' retornou             Produto    Categoria  Quantidade  Venda        Data
0    Notebook Gamer  Eletrônicos           3   1500  2023-01-15
1     Mouse Sem Fio  Eletrônicos          10     30  2023-01-15
2  Teclado Mecânico  Eletrônicos           5    100  2023-01-15
3    Notebook Gamer  Eletrônicos           7   1500  2023-01-16
4     Mouse Sem Fio  Eletrônicos          10     30  2023-01-16
5  Teclado Mecânico  Eletrônicos           3    100  2023-01-16
6    Notebook Gamer  Eletrônicos           2   1500  2023-01-17
7     Mouse Sem Fio  Eletrônicos          14     30  2023-01-17
8  Teclado Mecânico  Eletrônicos           2    100  2023-01-17 utils_log.py
2024-12-25T17:46:10.294349-0400 INFO Função 'extract_and_consolidate_data' executada em 0.0114 segundos time_decorator.py
2024-12-25T17:46:10.297443-0400 INFO Chamando função 'calculate_kpi_of_total_sales' com args (            Produto    Categoria  Quantidade  Venda        Data
0    Notebook Gamer  Eletrônicos           3   1500  2023-01-15
1     Mouse Sem Fio  Eletrônicos          10     30  2023-01-15
2  Teclado Mecânico  Eletrônicos           5    100  2023-01-15
3    Notebook Gamer  Eletrônicos           7   1500  2023-01-16
4     Mouse Sem Fio  Eletrônicos          10     30  2023-01-16
5  Teclado Mecânico  Eletrônicos           3    100  2023-01-16
6    Notebook Gamer  Eletrônicos           2   1500  2023-01-17
7     Mouse Sem Fio  Eletrônicos          14     30  2023-01-17
8  Teclado Mecânico  Eletrônicos           2    100  2023-01-17,) e kwargs {} utils_log.py
2024-12-25T17:46:10.301198-0400 INFO Função 'calculate_kpi_of_total_sales' retornou             Produto    Categoria  Quantidade  Venda        Data  Total
0    Notebook Gamer  Eletrônicos           3   1500  2023-01-15   4500
1     Mouse Sem Fio  Eletrônicos          10     30  2023-01-15    300
2  Teclado Mecânico  Eletrônicos           5    100  2023-01-15    500
3    Notebook Gamer  Eletrônicos           7   1500  2023-01-16  10500
4     Mouse Sem Fio  Eletrônicos          10     30  2023-01-16    300
5  Teclado Mecânico  Eletrônicos           3    100  2023-01-16    300
6    Notebook Gamer  Eletrônicos           2   1500  2023-01-17   3000
7     Mouse Sem Fio  Eletrônicos          14     30  2023-01-17    420
8  Teclado Mecânico  Eletrônicos           2    100  2023-01-17    200 utils_log.py
2024-12-25T17:46:10.301198-0400 INFO Função 'calculate_kpi_of_total_sales' executada em 0.0068 segundos time_decorator.py
2024-12-25T17:46:10.304653-0400 INFO Chamando função 'load_data' com args (            Produto    Categoria  Quantidade  Venda        Data  Total
0    Notebook Gamer  Eletrônicos           3   1500  2023-01-15   4500
1     Mouse Sem Fio  Eletrônicos          10     30  2023-01-15    300
2  Teclado Mecânico  Eletrônicos           5    100  2023-01-15    500
3    Notebook Gamer  Eletrônicos           7   1500  2023-01-16  10500
4     Mouse Sem Fio  Eletrônicos          10     30  2023-01-16    300
5  Teclado Mecânico  Eletrônicos           3    100  2023-01-16    300
6    Notebook Gamer  Eletrônicos           2   1500  2023-01-17   3000
7     Mouse Sem Fio  Eletrônicos          14     30  2023-01-17    420
8  Teclado Mecânico  Eletrônicos           2    100  2023-01-17    200, 'parquet and csv') e kwargs {} utils_log.py
2024-12-25T17:46:10.352907-0400 INFO Função 'load_data' retornou None utils_log.py
2024-12-25T17:46:10.352907-0400 INFO Função 'load_data' executada em 0.0517 segundos time_decorator.py
2024-12-25T17:46:10.352907-0400 INFO Função 'pipeline_calculate_kpi_of_total_sales_consolidated' retornou None utils_log.py
2024-12-25T17:46:10.352907-0400 INFO Função 'pipeline_calculate_kpi_of_total_sales_consolidated' executada em 0.0699 segundos time_decorator.py
